<?xml version="1.0" encoding="UTF-8"?>
<!-- Generated by org.testng.reporters.JUnitReportReporter -->
<testsuite hostname="CORP-PF00HQD9" name="test.ShoeShopTest" tests="14" failures="0" timestamp="29 Apr 2016 01:54:47 GMT" time="125.576" errors="0">
  <testcase name="testMonthlyShoeDisplays" time="15.065" classname="test.ShoeShopTest"/>
  <testcase name="testMonthlyShoeDisplays" time="5.020" classname="test.ShoeShopTest"/>
  <testcase name="testMonthlyShoeDisplays" time="5.406" classname="test.ShoeShopTest"/>
  <testcase name="testMonthlyShoeDisplays" time="6.736" classname="test.ShoeShopTest"/>
  <testcase name="testMonthlyShoeDisplays" time="6.646" classname="test.ShoeShopTest"/>
  <testcase name="testMonthlyShoeDisplays" time="5.385" classname="test.ShoeShopTest"/>
  <testcase name="testMonthlyShoeDisplays" time="6.131" classname="test.ShoeShopTest"/>
  <testcase name="testMonthlyShoeDisplays" time="23.220" classname="test.ShoeShopTest"/>
  <testcase name="testMonthlyShoeDisplays" time="6.274" classname="test.ShoeShopTest"/>
  <testcase name="testMonthlyShoeDisplays" time="5.894" classname="test.ShoeShopTest"/>
  <testcase name="testMonthlyShoeDisplays" time="24.185" classname="test.ShoeShopTest"/>
  <testcase name="testMonthlyShoeDisplays" time="6.749" classname="test.ShoeShopTest"/>
  <testcase name="testMonthlyShoeDisplays" time="5.763" classname="test.ShoeShopTest"/>
  <testcase name="testUserEmailSubscription" time="3.102" classname="test.ShoeShopTest"/>
</testsuite> <!-- test.ShoeShopTest -->
