<?xml version="1.0" encoding="UTF-8"?>
<!-- Generated by org.testng.reporters.JUnitReportReporter -->
<testsuite hostname="CORP-PF00HQD9" name="test.SampleTest" tests="14" failures="0" timestamp="29 Apr 2016 00:48:39 GMT" time="108.339" errors="0">
  <testcase name="testMonthlyShoeDisplays" time="5.041" classname="test.SampleTest"/>
  <testcase name="testMonthlyShoeDisplays" time="4.874" classname="test.SampleTest"/>
  <testcase name="testUserEmailSubscription" time="3.363" classname="test.SampleTest"/>
  <testcase name="testMonthlyShoeDisplays" time="17.090" classname="test.SampleTest"/>
  <testcase name="testMonthlyShoeDisplays" time="5.443" classname="test.SampleTest"/>
  <testcase name="testMonthlyShoeDisplays" time="11.004" classname="test.SampleTest"/>
  <testcase name="testMonthlyShoeDisplays" time="6.005" classname="test.SampleTest"/>
  <testcase name="testMonthlyShoeDisplays" time="5.776" classname="test.SampleTest"/>
  <testcase name="testMonthlyShoeDisplays" time="4.967" classname="test.SampleTest"/>
  <testcase name="testMonthlyShoeDisplays" time="5.649" classname="test.SampleTest"/>
  <testcase name="testMonthlyShoeDisplays" time="23.794" classname="test.SampleTest"/>
  <testcase name="testMonthlyShoeDisplays" time="5.191" classname="test.SampleTest"/>
  <testcase name="testMonthlyShoeDisplays" time="5.154" classname="test.SampleTest"/>
  <testcase name="testMonthlyShoeDisplays" time="4.988" classname="test.SampleTest"/>
</testsuite> <!-- test.SampleTest -->
